<?xml version="1.0" encoding="UTF-8"?>
<testng-results ignored="0" total="1" passed="1" failed="0" skipped="0">
  <reporter-output>
  </reporter-output>
  <suite started-at="2019-11-29T11:18:03Z" name="Suite" finished-at="2019-11-29T11:18:56Z" duration-ms="52541">
    <groups>
    </groups>
    <test started-at="2019-11-29T11:18:03Z" name="Test" finished-at="2019-11-29T11:18:56Z" duration-ms="52541">
      <class name="p2.BaseTest">
        <test-method is-config="true" signature="declareReports()[pri:0, instance:p2.BaseTest@37883b97]" started-at="2019-11-29T16:48:03Z" name="declareReports" finished-at="2019-11-29T16:48:04Z" duration-ms="978" status="PASS">
          <reporter-output>
          </reporter-output>
        </test-method> <!-- declareReports -->
        <test-method is-config="true" signature="getBrowser(java.lang.String)[pri:0, instance:p2.BaseTest@37883b97]" started-at="2019-11-29T16:48:04Z" name="getBrowser" finished-at="2019-11-29T16:48:35Z" duration-ms="30559" status="PASS">
          <params>
            <param index="0">
              <value>
                <![CDATA[chrome]]>
              </value>
            </param>
          </params>
          <reporter-output>
          </reporter-output>
        </test-method> <!-- getBrowser -->
        <test-method signature="testCase01_Search()[pri:0, instance:p2.BaseTest@37883b97]" started-at="2019-11-29T16:48:35Z" name="testCase01_Search" finished-at="2019-11-29T16:48:54Z" duration-ms="19279" status="PASS">
          <reporter-output>
          </reporter-output>
        </test-method> <!-- testCase01_Search -->
        <test-method is-config="true" signature="closeReports()[pri:0, instance:p2.BaseTest@37883b97]" started-at="2019-11-29T16:48:54Z" name="closeReports" finished-at="2019-11-29T16:48:56Z" duration-ms="1650" status="PASS">
          <reporter-output>
          </reporter-output>
        </test-method> <!-- closeReports -->
        <test-method is-config="true" signature="closeTest()[pri:0, instance:p2.BaseTest@37883b97]" started-at="2019-11-29T16:48:56Z" name="closeTest" finished-at="2019-11-29T16:48:56Z" duration-ms="0" status="PASS">
          <reporter-output>
          </reporter-output>
        </test-method> <!-- closeTest -->
      </class> <!-- p2.BaseTest -->
    </test> <!-- Test -->
  </suite> <!-- Suite -->
</testng-results>
