<?xml version="1.0" encoding="UTF-8"?>
<!-- Generated by org.testng.reporters.JUnitXMLReporter -->
<testsuite ignored="0" hostname="Sunny-VAIO" failures="2" tests="5" name="Chrome Test" time="108.85" errors="0" timestamp="15 Aug 2019 11:44:46 GMT">
  <testcase classname="Drivers.Test2" name="secondTest" time="0.065">
    <failure type="java.lang.NullPointerException">
      <![CDATA[java.lang.NullPointerException
	at Drivers.Test2.secondTest(Test2.java:91)
	at java.base/java.util.concurrent.ThreadPoolExecutor.runWorker(ThreadPoolExecutor.java:1135)
	at java.base/java.util.concurrent.ThreadPoolExecutor$Worker.run(ThreadPoolExecutor.java:635)
	at java.base/java.lang.Thread.run(Thread.java:844)
... Removed 10 stack frames]]>
    </failure>
  </testcase> <!-- secondTest -->
  <testcase classname="Drivers.Test2" name="Login" time="20.396">
    <failure type="java.lang.AssertionError" message="null">
      <![CDATA[java.lang.AssertionError: null
	at Drivers.Test2.Login(Test2.java:126)
	at java.base/java.util.concurrent.ThreadPoolExecutor.runWorker(ThreadPoolExecutor.java:1135)
	at java.base/java.util.concurrent.ThreadPoolExecutor$Worker.run(ThreadPoolExecutor.java:635)
	at java.base/java.lang.Thread.run(Thread.java:844)
... Removed 12 stack frames]]>
    </failure>
  </testcase> <!-- Login -->
  <testcase classname="Drivers.Test2" name="firstTest" time="107.982"/>
  <testcase classname="Drivers.Test2" name="firstTest1" time="108.045"/>
  <testcase classname="Drivers.Test2" name="accountBalance" time="88.088"/>
</testsuite> <!-- Chrome Test -->
