<?xml version="1.0" encoding="UTF-8"?>
<!-- Generated by org.testng.reporters.JUnitXMLReporter -->
<testsuite ignored="1" hostname="Sunny-VAIO" failures="2" tests="2" name="Test" time="81.531" errors="0" timestamp="19 Nov 2019 06:47:15 GMT">
  <testcase classname="com.infosys.FireandSecurity.Base.BaseTest" name="TestCase2_CreateNewAccount" time="0.552">
    <failure type="java.lang.NullPointerException">
      <![CDATA[java.lang.NullPointerException
	at com.infosys.FireandSecurity.Base.BaseTest.TestCase2_CreateNewAccount(BaseTest.java:91)
... Removed 25 stack frames]]>
    </failure>
  </testcase> <!-- TestCase2_CreateNewAccount -->
  <testcase classname="com.infosys.FireandSecurity.Base.BaseTest" name="Testcase01" time="0.7">
    <failure type="junit.framework.AssertionFailedError">
      <![CDATA[junit.framework.AssertionFailedError
	at junit.framework.Assert.fail(Assert.java:55)
	at junit.framework.Assert.fail(Assert.java:64)
	at com.infosys.FireandSecurity.PageObjects.PageLogin.fbtitlevalidation(PageLogin.java:68)
	at com.infosys.FireandSecurity.Base.BaseTest.Testcase01(BaseTest.java:67)
... Removed 25 stack frames]]>
    </failure>
  </testcase> <!-- Testcase01 -->
  <testcase classname="com.infosys.FireandSecurity.Base.BaseTest" name="FbLogin" time="0.0">
    <ignored/>
  </testcase> <!-- FbLogin -->
</testsuite> <!-- Test -->
