<?xml version="1.0" encoding="UTF-8"?>
<testng-results ignored="2" total="3" passed="0" failed="1" skipped="0">
  <reporter-output>
    <line>
      <![CDATA[Firstname has been entered in Create new Account Page]]>
    </line>
  </reporter-output>
  <suite started-at="2019-11-29T06:43:15Z" name="Default suite" finished-at="2019-11-29T06:44:01Z" duration-ms="46431">
    <groups>
    </groups>
    <test started-at="2019-11-29T06:43:15Z" name="Default test" finished-at="2019-11-29T06:44:01Z" duration-ms="46431">
      <class name="com.infosys.FireandSecurity.Base.BaseTest">
        <test-method is-config="true" signature="connectDB()[pri:0, instance:com.infosys.FireandSecurity.Base.BaseTest@15ca7889]" started-at="2019-11-29T12:13:15Z" name="connectDB" finished-at="2019-11-29T12:13:15Z" duration-ms="42" status="PASS">
          <reporter-output>
          </reporter-output>
        </test-method> <!-- connectDB -->
        <test-method is-config="true" signature="starttest()[pri:0, instance:com.infosys.FireandSecurity.Base.BaseTest@15ca7889]" started-at="2019-11-29T12:13:15Z" name="starttest" finished-at="2019-11-29T12:13:16Z" duration-ms="1113" status="PASS">
          <reporter-output>
          </reporter-output>
        </test-method> <!-- starttest -->
        <test-method is-config="true" signature="browserlaunch()[pri:0, instance:com.infosys.FireandSecurity.Base.BaseTest@15ca7889]" started-at="2019-11-29T12:13:16Z" name="browserlaunch" finished-at="2019-11-29T12:13:46Z" duration-ms="30266" status="PASS">
          <reporter-output>
          </reporter-output>
        </test-method> <!-- browserlaunch -->
        <test-method signature="TestCase2_CreateNewAccount()[pri:0, instance:com.infosys.FireandSecurity.Base.BaseTest@15ca7889]" started-at="2019-11-29T12:13:46Z" name="TestCase2_CreateNewAccount" finished-at="2019-11-29T12:13:47Z" duration-ms="617" status="FAIL">
          <exception class="java.lang.NullPointerException">
            <full-stacktrace>
              <![CDATA[java.lang.NullPointerException
	at com.infosys.FireandSecurity.Base.BaseTest.TestCase2_CreateNewAccount(BaseTest.java:91)
	at java.base/jdk.internal.reflect.NativeMethodAccessorImpl.invoke0(Native Method)
	at java.base/jdk.internal.reflect.NativeMethodAccessorImpl.invoke(NativeMethodAccessorImpl.java:62)
	at java.base/jdk.internal.reflect.DelegatingMethodAccessorImpl.invoke(DelegatingMethodAccessorImpl.java:43)
	at java.base/java.lang.reflect.Method.invoke(Method.java:564)
	at org.testng.internal.MethodInvocationHelper.invokeMethod(MethodInvocationHelper.java:108)
	at org.testng.internal.Invoker.invokeMethod(Invoker.java:661)
	at org.testng.internal.Invoker.invokeTestMethod(Invoker.java:869)
	at org.testng.internal.Invoker.invokeTestMethods(Invoker.java:1193)
	at org.testng.internal.TestMethodWorker.invokeTestMethods(TestMethodWorker.java:126)
	at org.testng.internal.TestMethodWorker.run(TestMethodWorker.java:109)
	at org.testng.TestRunner.privateRun(TestRunner.java:744)
	at org.testng.TestRunner.run(TestRunner.java:602)
	at org.testng.SuiteRunner.runTest(SuiteRunner.java:380)
	at org.testng.SuiteRunner.runSequentially(SuiteRunner.java:375)
	at org.testng.SuiteRunner.privateRun(SuiteRunner.java:340)
	at org.testng.SuiteRunner.run(SuiteRunner.java:289)
	at org.testng.SuiteRunnerWorker.runSuite(SuiteRunnerWorker.java:52)
	at org.testng.SuiteRunnerWorker.run(SuiteRunnerWorker.java:86)
	at org.testng.TestNG.runSuitesSequentially(TestNG.java:1301)
	at org.testng.TestNG.runSuitesLocally(TestNG.java:1226)
	at org.testng.TestNG.runSuites(TestNG.java:1144)
	at org.testng.TestNG.run(TestNG.java:1115)
	at org.testng.remote.AbstractRemoteTestNG.run(AbstractRemoteTestNG.java:132)
	at org.testng.remote.RemoteTestNG.initAndRun(RemoteTestNG.java:230)
	at org.testng.remote.RemoteTestNG.main(RemoteTestNG.java:76)
]]>
            </full-stacktrace>
          </exception> <!-- java.lang.NullPointerException -->
          <reporter-output>
            <line>
              <![CDATA[Firstname has been entered in Create new Account Page]]>
            </line>
          </reporter-output>
        </test-method> <!-- TestCase2_CreateNewAccount -->
        <test-method is-config="true" signature="closeofBrowser()[pri:0, instance:com.infosys.FireandSecurity.Base.BaseTest@15ca7889]" started-at="2019-11-29T12:13:47Z" name="closeofBrowser" finished-at="2019-11-29T12:13:58Z" duration-ms="11608" status="PASS">
          <reporter-output>
          </reporter-output>
        </test-method> <!-- closeofBrowser -->
        <test-method is-config="true" signature="closetest()[pri:0, instance:com.infosys.FireandSecurity.Base.BaseTest@15ca7889]" started-at="2019-11-29T12:13:58Z" name="closetest" finished-at="2019-11-29T12:13:58Z" duration-ms="1" status="PASS">
          <reporter-output>
          </reporter-output>
        </test-method> <!-- closetest -->
        <test-method is-config="true" signature="endTest()[pri:0, instance:com.infosys.FireandSecurity.Base.BaseTest@15ca7889]" started-at="2019-11-29T12:13:58Z" name="endTest" finished-at="2019-11-29T12:14:01Z" duration-ms="2761" status="PASS">
          <reporter-output>
          </reporter-output>
        </test-method> <!-- endTest -->
        <test-method is-config="true" signature="closeDB()[pri:0, instance:com.infosys.FireandSecurity.Base.BaseTest@15ca7889]" started-at="2019-11-29T12:14:01Z" name="closeDB" finished-at="2019-11-29T12:14:01Z" duration-ms="13" status="PASS">
          <reporter-output>
          </reporter-output>
        </test-method> <!-- closeDB -->
      </class> <!-- com.infosys.FireandSecurity.Base.BaseTest -->
    </test> <!-- Default test -->
  </suite> <!-- Default suite -->
</testng-results>
